/usr/local/bin/ruby -r ./siteconf20151006-16-7kl6lg.rb extconf.rb
checking for BIO_read() in -lcrypto... yes
checking for SSL_CTX_new() in -lssl... yes
checking for openssl/bio.h... yes
creating Makefile

make "DESTDIR=" clean

make "DESTDIR="
compiling http11_parser.c
In file included from ext/http11/http11_parser.rl:7:0:
ext/http11/http11_parser.rl: In function 'puma_parser_execute':
ext/http11/http11_parser.rl:111:17: warning: comparison between signed and unsigned integer expressions [-Wsign-compare]
compiling io_buffer.c
In file included from /usr/local/include/ruby-2.2.0/ruby/ruby.h:1710:0,
                 from /usr/local/include/ruby-2.2.0/ruby.h:33,
                 from io_buffer.c:2:
io_buffer.c: In function 'buf_to_str':
/usr/local/include/ruby-2.2.0/ruby/intern.h:796:20: warning: pointer targets in passing argument 1 of 'rb_str_new_static' differ in signedness [-Wpointer-sign]
  rb_str_new_static((str), (len)) : \
                    ^
io_buffer.c:119:10: note: in expansion of macro 'rb_str_new'
   return rb_str_new(b->top, b->cur - b->top);
          ^
/usr/local/include/ruby-2.2.0/ruby/intern.h:727:7: note: expected 'const char *' but argument is of type 'uint8_t *'
 VALUE rb_str_new_static(const char *, long);
       ^
/usr/local/include/ruby-2.2.0/ruby/intern.h:797:13: warning: pointer targets in passing argument 1 of 'rb_str_new' differ in signedness [-Wpointer-sign]
  rb_str_new((str), (len));   \
             ^
io_buffer.c:119:10: note: in expansion of macro 'rb_str_new'
   return rb_str_new(b->top, b->cur - b->top);
          ^
/usr/local/include/ruby-2.2.0/ruby/intern.h:706:7: note: expected 'const char *' but argument is of type 'uint8_t *'
 VALUE rb_str_new(const char*, long);
       ^
compiling mini_ssl.c
In file included from mini_ssl.c:4:0:
/usr/local/include/ruby-2.2.0/ruby/backward/rubyio.h:2:2: warning: #warning use "ruby/io.h" instead of "rubyio.h" [-Wcpp]
 #warning use "ruby/io.h" instead of "rubyio.h"
  ^
mini_ssl.c: In function 'engine_init_server':
mini_ssl.c:151:3: warning: ISO C90 forbids mixed declarations and code [-Wdeclaration-after-statement]
   DH *dh = get_dh1024();
   ^
mini_ssl.c:155:3: warning: ISO C90 forbids mixed declarations and code [-Wdeclaration-after-statement]
   EC_KEY *ecdh = EC_KEY_new_by_curve_name(NID_secp521r1);
   ^
mini_ssl.c: In function 'engine_read':
mini_ssl.c:247:14: warning: unused variable 'n' [-Wunused-variable]
   int bytes, n, error;
              ^
In file included from /usr/local/include/ruby-2.2.0/ruby/ruby.h:1710:0,
                 from /usr/local/include/ruby-2.2.0/ruby.h:33,
                 from mini_ssl.c:3:
mini_ssl.c: In function 'engine_peercert':
/usr/local/include/ruby-2.2.0/ruby/intern.h:796:20: warning: pointer targets in passing argument 1 of 'rb_str_new_static' differ in signedness [-Wpointer-sign]
  rb_str_new_static((str), (len)) : \
                    ^
mini_ssl.c:346:17: note: in expansion of macro 'rb_str_new'
   rb_cert_buf = rb_str_new(buf, bytes);
                 ^
/usr/local/include/ruby-2.2.0/ruby/intern.h:727:7: note: expected 'const char *' but argument is of type 'unsigned char *'
 VALUE rb_str_new_static(const char *, long);
       ^
/usr/local/include/ruby-2.2.0/ruby/intern.h:797:13: warning: pointer targets in passing argument 1 of 'rb_str_new' differ in signedness [-Wpointer-sign]
  rb_str_new((str), (len));   \
             ^
mini_ssl.c:346:17: note: in expansion of macro 'rb_str_new'
   rb_cert_buf = rb_str_new(buf, bytes);
                 ^
/usr/local/include/ruby-2.2.0/ruby/intern.h:706:7: note: expected 'const char *' but argument is of type 'unsigned char *'
 VALUE rb_str_new(const char*, long);
       ^
compiling puma_http11.c
linking shared-object puma/puma_http11.so

make "DESTDIR=" install
/usr/bin/install -c -m 0755 puma_http11.so ./.gem.20151006-16-1gigmi2/puma
