/usr/local/bin/ruby -r ./siteconf20151006-16-1xq0g3a.rb extconf.rb
checking if the C compiler accepts ... yes
Building nokogiri using packaged libraries.
checking for gzdopen() in -lz... yes
checking for iconv... yes
************************************************************************
IMPORTANT NOTICE:

Building Nokogiri with a packaged version of libxml2-2.9.2
with the following patches applied:
	- 0001-Revert-Missing-initialization-for-the-catalog-module.patch
	- 0002-Fix-missing-entities-after-CVE-2014-3660-fix.patch

Team Nokogiri will keep on doing their best to provide security
updates in a timely manner, but if this is a concern for you and want
to use the system library instead; abort this installation process and
reinstall nokogiri as follows:

    gem install nokogiri -- --use-system-libraries
        [--with-xml2-config=/path/to/xml2-config]
        [--with-xslt-config=/path/to/xslt-config]

If you are using Bundler, tell it to use the option:

    bundle config build.nokogiri --use-system-libraries
    bundle install

Note, however, that nokogiri is not fully compatible with arbitrary
versions of libxml2 provided by OS/package vendors.
************************************************************************
Extracting libxml2-2.9.2.tar.gz into tmp/x86_64-pc-linux-gnu/ports/libxml2/2.9.2... OK
Running patch with /myapp/bundle/ruby/2.2.0/gems/nokogiri-1.6.6.2/ports/patches/libxml2/0001-Revert-Missing-initialization-for-the-catalog-module.patch...
Running 'patch' for libxml2 2.9.2... OK
Running patch with /myapp/bundle/ruby/2.2.0/gems/nokogiri-1.6.6.2/ports/patches/libxml2/0002-Fix-missing-entities-after-CVE-2014-3660-fix.patch...
Running 'patch' for libxml2 2.9.2... OK
Running 'configure' for libxml2 2.9.2... OK
Running 'compile' for libxml2 2.9.2... OK
Running 'install' for libxml2 2.9.2... OK
Activating libxml2 2.9.2 (from /myapp/bundle/ruby/2.2.0/gems/nokogiri-1.6.6.2/ports/x86_64-pc-linux-gnu/libxml2/2.9.2)...
************************************************************************
IMPORTANT NOTICE:

Building Nokogiri with a packaged version of libxslt-1.1.28
with the following patches applied:
	- 0001-Adding-doc-update-related-to-1.1.28.patch
	- 0002-Fix-a-couple-of-places-where-f-printf-parameters-wer.patch
	- 0003-Initialize-pseudo-random-number-generator-with-curre.patch
	- 0004-EXSLT-function-str-replace-is-broken-as-is.patch
	- 0006-Fix-str-padding-to-work-with-UTF-8-strings.patch
	- 0007-Separate-function-for-predicate-matching-in-patterns.patch
	- 0008-Fix-direct-pattern-matching.patch
	- 0009-Fix-certain-patterns-with-predicates.patch
	- 0010-Fix-handling-of-UTF-8-strings-in-EXSLT-crypto-module.patch
	- 0013-Memory-leak-in-xsltCompileIdKeyPattern-error-path.patch
	- 0014-Fix-for-bug-436589.patch
	- 0015-Fix-mkdir-for-mingw.patch

Team Nokogiri will keep on doing their best to provide security
updates in a timely manner, but if this is a concern for you and want
to use the system library instead; abort this installation process and
reinstall nokogiri as follows:

    gem install nokogiri -- --use-system-libraries
        [--with-xml2-config=/path/to/xml2-config]
        [--with-xslt-config=/path/to/xslt-config]

If you are using Bundler, tell it to use the option:

    bundle config build.nokogiri --use-system-libraries
    bundle install
************************************************************************
Extracting libxslt-1.1.28.tar.gz into tmp/x86_64-pc-linux-gnu/ports/libxslt/1.1.28... OK
Running patch with /myapp/bundle/ruby/2.2.0/gems/nokogiri-1.6.6.2/ports/patches/libxslt/0001-Adding-doc-update-related-to-1.1.28.patch...
Running 'patch' for libxslt 1.1.28... OK
Running patch with /myapp/bundle/ruby/2.2.0/gems/nokogiri-1.6.6.2/ports/patches/libxslt/0002-Fix-a-couple-of-places-where-f-printf-parameters-wer.patch...
Running 'patch' for libxslt 1.1.28... OK
Running patch with /myapp/bundle/ruby/2.2.0/gems/nokogiri-1.6.6.2/ports/patches/libxslt/0003-Initialize-pseudo-random-number-generator-with-curre.patch...
Running 'patch' for libxslt 1.1.28... OK
Running patch with /myapp/bundle/ruby/2.2.0/gems/nokogiri-1.6.6.2/ports/patches/libxslt/0004-EXSLT-function-str-replace-is-broken-as-is.patch...
Running 'patch' for libxslt 1.1.28... OK
Running patch with /myapp/bundle/ruby/2.2.0/gems/nokogiri-1.6.6.2/ports/patches/libxslt/0006-Fix-str-padding-to-work-with-UTF-8-strings.patch...
Running 'patch' for libxslt 1.1.28... OK
Running patch with /myapp/bundle/ruby/2.2.0/gems/nokogiri-1.6.6.2/ports/patches/libxslt/0007-Separate-function-for-predicate-matching-in-patterns.patch...
Running 'patch' for libxslt 1.1.28... OK
Running patch with /myapp/bundle/ruby/2.2.0/gems/nokogiri-1.6.6.2/ports/patches/libxslt/0008-Fix-direct-pattern-matching.patch...
Running 'patch' for libxslt 1.1.28... OK
Running patch with /myapp/bundle/ruby/2.2.0/gems/nokogiri-1.6.6.2/ports/patches/libxslt/0009-Fix-certain-patterns-with-predicates.patch...
Running 'patch' for libxslt 1.1.28... OK
Running patch with /myapp/bundle/ruby/2.2.0/gems/nokogiri-1.6.6.2/ports/patches/libxslt/0010-Fix-handling-of-UTF-8-strings-in-EXSLT-crypto-module.patch...
Running 'patch' for libxslt 1.1.28... OK
Running patch with /myapp/bundle/ruby/2.2.0/gems/nokogiri-1.6.6.2/ports/patches/libxslt/0013-Memory-leak-in-xsltCompileIdKeyPattern-error-path.patch...
Running 'patch' for libxslt 1.1.28... OK
Running patch with /myapp/bundle/ruby/2.2.0/gems/nokogiri-1.6.6.2/ports/patches/libxslt/0014-Fix-for-bug-436589.patch...
Running 'patch' for libxslt 1.1.28... OK
Running patch with /myapp/bundle/ruby/2.2.0/gems/nokogiri-1.6.6.2/ports/patches/libxslt/0015-Fix-mkdir-for-mingw.patch...
Running 'patch' for libxslt 1.1.28... OK
Running 'configure' for libxslt 1.1.28... OK
Running 'compile' for libxslt 1.1.28... OK
Running 'install' for libxslt 1.1.28... OK
Activating libxslt 1.1.28 (from /myapp/bundle/ruby/2.2.0/gems/nokogiri-1.6.6.2/ports/x86_64-pc-linux-gnu/libxslt/1.1.28)...
checking for main() in -llzma... yes
checking for xmlParseDoc() in libxml/parser.h... yes
checking for xsltParseStylesheetDoc() in libxslt/xslt.h... yes
checking for exsltFuncRegister() in libexslt/exslt.h... yes
checking for xmlHasFeature()... yes
checking for xmlFirstElementChild()... yes
checking for xmlRelaxNGSetParserStructuredErrors()... yes
checking for xmlRelaxNGSetParserStructuredErrors()... yes
checking for xmlRelaxNGSetValidStructuredErrors()... yes
checking for xmlSchemaSetValidStructuredErrors()... yes
checking for xmlSchemaSetParserStructuredErrors()... yes
creating Makefile

make "DESTDIR=" clean

make "DESTDIR="
compiling html_document.c
compiling html_element_description.c
In file included from /usr/local/include/ruby-2.2.0/ruby.h:33:0,
                 from ./nokogiri.h:33,
                 from ./html_element_description.h:4,
                 from html_element_description.c:1:
html_element_description.c: In function 'get_description':
html_element_description.c:252:40: warning: cast discards 'const' qualifier from pointer target type [-Wcast-qual]
   return Data_Wrap_Struct(klass, 0, 0, (void *)description);
                                        ^
/usr/local/include/ruby-2.2.0/ruby/ruby.h:1028:35: note: in definition of macro 'Data_Wrap_Struct'
     rb_data_object_alloc((klass),(sval),(RUBY_DATA_FUNC)(mark),(RUBY_DATA_FUNC)(free))
                                   ^
compiling html_entity_lookup.c
compiling html_sax_parser_context.c
compiling html_sax_push_parser.c
compiling nokogiri.c
compiling xml_attr.c
compiling xml_attribute_decl.c
compiling xml_cdata.c
compiling xml_comment.c
compiling xml_document.c
xml_document.c: In function 'set_encoding':
xml_document.c:182:12: warning: cast discards 'const' qualifier from pointer target type [-Wcast-qual]
       free((char *) doc->encoding); /* this may produce a gcc cast warning */
            ^
xml_document.c: In function 'canonicalize':
xml_document.c:537:15: warning: cast discards 'const' qualifier from pointer target type [-Wcast-qual]
       ns[i] = (xmlChar*) ptr;
               ^
compiling xml_document_fragment.c
compiling xml_dtd.c
compiling xml_element_content.c
compiling xml_element_decl.c
compiling xml_encoding_handler.c
compiling xml_entity_decl.c
compiling xml_entity_reference.c
compiling xml_io.c
compiling xml_libxml2_hacks.c
compiling xml_namespace.c
compiling xml_node.c
xml_node.c: In function 'reparent_node_with':
xml_node.c:168:7: warning: enumeration value 'XML_ATTRIBUTE_NODE' not handled in switch [-Wswitch]
       switch (reparentee->type) {
       ^
xml_node.c:168:7: warning: enumeration value 'XML_ENTITY_NODE' not handled in switch [-Wswitch]
xml_node.c:168:7: warning: enumeration value 'XML_DOCUMENT_NODE' not handled in switch [-Wswitch]
xml_node.c:168:7: warning: enumeration value 'XML_DOCUMENT_FRAG_NODE' not handled in switch [-Wswitch]
xml_node.c:168:7: warning: enumeration value 'XML_NOTATION_NODE' not handled in switch [-Wswitch]
xml_node.c:168:7: warning: enumeration value 'XML_HTML_DOCUMENT_NODE' not handled in switch [-Wswitch]
xml_node.c:168:7: warning: enumeration value 'XML_DTD_NODE' not handled in switch [-Wswitch]
xml_node.c:168:7: warning: enumeration value 'XML_ELEMENT_DECL' not handled in switch [-Wswitch]
xml_node.c:168:7: warning: enumeration value 'XML_ATTRIBUTE_DECL' not handled in switch [-Wswitch]
xml_node.c:168:7: warning: enumeration value 'XML_ENTITY_DECL' not handled in switch [-Wswitch]
xml_node.c:168:7: warning: enumeration value 'XML_NAMESPACE_DECL' not handled in switch [-Wswitch]
xml_node.c:168:7: warning: enumeration value 'XML_XINCLUDE_START' not handled in switch [-Wswitch]
xml_node.c:168:7: warning: enumeration value 'XML_XINCLUDE_END' not handled in switch [-Wswitch]
xml_node.c:168:7: warning: enumeration value 'XML_DOCB_DOCUMENT_NODE' not handled in switch [-Wswitch]
xml_node.c:186:7: warning: enumeration value 'XML_ATTRIBUTE_NODE' not handled in switch [-Wswitch]
       switch (reparentee->type) {
       ^
xml_node.c:186:7: warning: enumeration value 'XML_ENTITY_NODE' not handled in switch [-Wswitch]
xml_node.c:186:7: warning: enumeration value 'XML_DOCUMENT_NODE' not handled in switch [-Wswitch]
xml_node.c:186:7: warning: enumeration value 'XML_DOCUMENT_TYPE_NODE' not handled in switch [-Wswitch]
xml_node.c:186:7: warning: enumeration value 'XML_DOCUMENT_FRAG_NODE' not handled in switch [-Wswitch]
xml_node.c:186:7: warning: enumeration value 'XML_NOTATION_NODE' not handled in switch [-Wswitch]
xml_node.c:186:7: warning: enumeration value 'XML_HTML_DOCUMENT_NODE' not handled in switch [-Wswitch]
xml_node.c:186:7: warning: enumeration value 'XML_DTD_NODE' not handled in switch [-Wswitch]
xml_node.c:186:7: warning: enumeration value 'XML_ELEMENT_DECL' not handled in switch [-Wswitch]
xml_node.c:186:7: warning: enumeration value 'XML_ATTRIBUTE_DECL' not handled in switch [-Wswitch]
xml_node.c:186:7: warning: enumeration value 'XML_ENTITY_DECL' not handled in switch [-Wswitch]
xml_node.c:186:7: warning: enumeration value 'XML_NAMESPACE_DECL' not handled in switch [-Wswitch]
xml_node.c:186:7: warning: enumeration value 'XML_XINCLUDE_START' not handled in switch [-Wswitch]
xml_node.c:186:7: warning: enumeration value 'XML_XINCLUDE_END' not handled in switch [-Wswitch]
xml_node.c:186:7: warning: enumeration value 'XML_DOCB_DOCUMENT_NODE' not handled in switch [-Wswitch]
xml_node.c:197:7: warning: enumeration value 'XML_ELEMENT_NODE' not handled in switch [-Wswitch]
       switch (reparentee->type) {
       ^
xml_node.c:197:7: warning: enumeration value 'XML_ATTRIBUTE_NODE' not handled in switch [-Wswitch]
xml_node.c:197:7: warning: enumeration value 'XML_CDATA_SECTION_NODE' not handled in switch [-Wswitch]
xml_node.c:197:7: warning: enumeration value 'XML_ENTITY_NODE' not handled in switch [-Wswitch]
xml_node.c:197:7: warning: enumeration value 'XML_PI_NODE' not handled in switch [-Wswitch]
xml_node.c:197:7: warning: enumeration value 'XML_COMMENT_NODE' not handled in switch [-Wswitch]
xml_node.c:197:7: warning: enumeration value 'XML_DOCUMENT_NODE' not handled in switch [-Wswitch]
xml_node.c:197:7: warning: enumeration value 'XML_DOCUMENT_TYPE_NODE' not handled in switch [-Wswitch]
xml_node.c:197:7: warning: enumeration value 'XML_DOCUMENT_FRAG_NODE' not handled in switch [-Wswitch]
xml_node.c:197:7: warning: enumeration value 'XML_NOTATION_NODE' not handled in switch [-Wswitch]
xml_node.c:197:7: warning: enumeration value 'XML_HTML_DOCUMENT_NODE' not handled in switch [-Wswitch]
xml_node.c:197:7: warning: enumeration value 'XML_DTD_NODE' not handled in switch [-Wswitch]
xml_node.c:197:7: warning: enumeration value 'XML_ELEMENT_DECL' not handled in switch [-Wswitch]
xml_node.c:197:7: warning: enumeration value 'XML_ATTRIBUTE_DECL' not handled in switch [-Wswitch]
xml_node.c:197:7: warning: enumeration value 'XML_ENTITY_DECL' not handled in switch [-Wswitch]
xml_node.c:197:7: warning: enumeration value 'XML_NAMESPACE_DECL' not handled in switch [-Wswitch]
xml_node.c:197:7: warning: enumeration value 'XML_XINCLUDE_START' not handled in switch [-Wswitch]
xml_node.c:197:7: warning: enumeration value 'XML_XINCLUDE_END' not handled in switch [-Wswitch]
xml_node.c:197:7: warning: enumeration value 'XML_DOCB_DOCUMENT_NODE' not handled in switch [-Wswitch]
xml_node.c:165:5: warning: enumeration value 'XML_CDATA_SECTION_NODE' not handled in switch [-Wswitch]
     switch (parent->type) {
     ^
xml_node.c:165:5: warning: enumeration value 'XML_ENTITY_NODE' not handled in switch [-Wswitch]
xml_node.c:165:5: warning: enumeration value 'XML_PI_NODE' not handled in switch [-Wswitch]
xml_node.c:165:5: warning: enumeration value 'XML_COMMENT_NODE' not handled in switch [-Wswitch]
xml_node.c:165:5: warning: enumeration value 'XML_DOCUMENT_TYPE_NODE' not handled in switch [-Wswitch]
xml_node.c:165:5: warning: enumeration value 'XML_NOTATION_NODE' not handled in switch [-Wswitch]
xml_node.c:165:5: warning: enumeration value 'XML_DTD_NODE' not handled in switch [-Wswitch]
xml_node.c:165:5: warning: enumeration value 'XML_ELEMENT_DECL' not handled in switch [-Wswitch]
xml_node.c:165:5: warning: enumeration value 'XML_ATTRIBUTE_DECL' not handled in switch [-Wswitch]
xml_node.c:165:5: warning: enumeration value 'XML_ENTITY_DECL' not handled in switch [-Wswitch]
xml_node.c:165:5: warning: enumeration value 'XML_NAMESPACE_DECL' not handled in switch [-Wswitch]
xml_node.c:165:5: warning: enumeration value 'XML_XINCLUDE_START' not handled in switch [-Wswitch]
xml_node.c:165:5: warning: enumeration value 'XML_XINCLUDE_END' not handled in switch [-Wswitch]
xml_node.c:165:5: warning: enumeration value 'XML_DOCB_DOCUMENT_NODE' not handled in switch [-Wswitch]
compiling xml_node_set.c
xml_node_set.c: In function 'dealloc_namespace':
xml_node_set.c:9:13: warning: cast discards 'const' qualifier from pointer target type [-Wcast-qual]
     xmlFree((xmlChar *)ns->href);
             ^
xml_node_set.c:11:13: warning: cast discards 'const' qualifier from pointer target type [-Wcast-qual]
     xmlFree((xmlChar *)ns->prefix);
             ^
compiling xml_processing_instruction.c
compiling xml_reader.c
compiling xml_relax_ng.c
compiling xml_sax_parser.c
compiling xml_sax_parser_context.c
compiling xml_sax_push_parser.c
compiling xml_schema.c
compiling xml_syntax_error.c
compiling xml_text.c
compiling xml_xpath_context.c
compiling xslt_stylesheet.c
In file included from /usr/local/include/ruby-2.2.0/ruby.h:33:0,
                 from ./nokogiri.h:33,
                 from ./xslt_stylesheet.h:4,
                 from xslt_stylesheet.c:1:
xslt_stylesheet.c: In function 'initFunc':
xslt_stylesheet.c:217:21: warning: passing argument 1 of 'rb_data_object_get' makes integer from pointer without a cast
     Data_Get_Struct(ctxt->style->_private, nokogiriXsltStylesheetTuple,
                     ^
/usr/local/include/ruby-2.2.0/ruby/ruby.h:1044:41: note: in definition of macro 'Data_Get_Struct'
     ((sval) = (type*)rb_data_object_get(obj))
                                         ^
/usr/local/include/ruby-2.2.0/ruby/ruby.h:1189:1: note: expected 'VALUE' but argument is of type 'void *'
 rb_data_object_get(VALUE obj)
 ^
xslt_stylesheet.c: In function 'shutdownFunc':
xslt_stylesheet.c:230:21: warning: passing argument 1 of 'rb_data_object_get' makes integer from pointer without a cast
     Data_Get_Struct(ctxt->style->_private, nokogiriXsltStylesheetTuple,
                     ^
/usr/local/include/ruby-2.2.0/ruby/ruby.h:1044:41: note: in definition of macro 'Data_Get_Struct'
     ((sval) = (type*)rb_data_object_get(obj))
                                         ^
/usr/local/include/ruby-2.2.0/ruby/ruby.h:1189:1: note: expected 'VALUE' but argument is of type 'void *'
 rb_data_object_get(VALUE obj)
 ^
linking shared-object nokogiri/nokogiri.so
Cleaning files only used during build.
rm -rf /myapp/bundle/ruby/2.2.0/gems/nokogiri-1.6.6.2/ext/nokogiri/tmp/x86_64-pc-linux-gnu/ports
rmdir -p /myapp/bundle/ruby/2.2.0/gems/nokogiri-1.6.6.2/ext/nokogiri/tmp/x86_64-pc-linux-gnu
rm -rf /myapp/bundle/ruby/2.2.0/gems/nokogiri-1.6.6.2/ports

make "DESTDIR=" install
/usr/bin/install -c -m 0755 nokogiri.so ./.gem.20151006-16-1izgxzs/nokogiri
