/usr/local/bin/ruby -r ./siteconf20151006-16-8f2gjr.rb extconf.rb
checking for main() in -lpthread... yes
creating Makefile

make "DESTDIR=" clean

make "DESTDIR="
compiling accessor.cc
compiling array.cc
compiling backref.cc
compiling constants.cc
compiling constraints.cc
compiling context.cc
compiling date.cc
compiling exception.cc
compiling external.cc
compiling function.cc
compiling gc.cc
compiling handles.cc
compiling heap.cc
compiling init.cc
compiling invocation.cc
compiling locker.cc
compiling message.cc
compiling object.cc
compiling primitive.cc
compiling rr.cc
compiling script.cc
compiling signature.cc
compiling stack.cc
compiling string.cc
compiling template.cc
compiling trycatch.cc
compiling v8.cc
compiling value.cc
linking shared-object v8/init.so

make "DESTDIR=" install
/usr/bin/install -c -m 0755 init.so ./.gem.20151006-16-jt8c0q/v8
